<?xml version="1.0" encoding="UTF-8"?>
<testsuite name="TestSuite" time="12.597" tests="1" errors="0" skipped="0" failures="1">
  <properties>
[...]
</properties>
  <testcase name="Single_Card" classname="Smoke_Test.Single_Card_Creation" time="12.597">
    <failure type="java.lang.AssertionError:">java.lang.AssertionError: 
	at org.testng.Assert.fail(Assert.java:93)
	at Smoke_Test.Single_Card_Creation.Single_Card(Single_Card_Creation.java:78)
</failure>
    <system-out><![CDATA[15:51:09.322 [RxCachedThreadScheduler-2] DEBUG com.epam.reportportal.service.Launch - ReportPortal launch with ID 'a77d7a12-4a7e-475b-863d-8004f33b22d5' has been created
15:51:09.329 [RxCachedThreadScheduler-2] DEBUG com.epam.reportportal.utils.LaunchFile - ReportPortal's temp file 'C:\Users\Keyutech\AppData\Local\Temp\reportportal\rplaunch-superadmin_TEST_EXAMPLE-#40-a77d7a12-4a7e-475b-863d-8004f33b22d5.tmp' is created
15:51:09.705 [RxCachedThreadScheduler-3] DEBUG com.epam.reportportal.service.Launch - ReportPortal item with ID 'a046f3c0-af1d-46fb-b4f9-e80c9a9ef979' has been created
15:51:09.705 [RxCachedThreadScheduler-3] DEBUG com.epam.reportportal.service.Launch - Starting test item...RxCachedThreadScheduler-3
15:51:09.978 [RxCachedThreadScheduler-2] DEBUG com.epam.reportportal.service.Launch - ReportPortal item with ID '3dbce97f-c477-4b80-af87-842d2b1e96f7' has been created
15:51:09.978 [RxCachedThreadScheduler-2] DEBUG com.epam.reportportal.service.Launch - Starting test item...RxCachedThreadScheduler-2
15:51:10.116 [RxCachedThreadScheduler-1] DEBUG com.epam.reportportal.service.Launch - ReportPortal item with ID 'ab0e0fa7-be0a-4e61-95bf-731d2da28da8' has been created
2020-10-20 15:51:16,475 [main] INFO  Base.Basetest - Firefox Browser Opened Sucessfully
2020-10-20 15:51:22,396 [main] ERROR Base.Basetest - null
]]></system-out>
    <system-err><![CDATA[1603189271123	mozrunner::runner	INFO	Running command: "C:\\Program Files\\Mozilla Firefox\\firefox.exe" "-marionette" "-foreground" "-no-remote" "-profile" "C:\\Users\\Keyutech\\AppData\\Local\\Temp\\rust_mozprofilec4qasg"
Can't find symbol 'eglSwapBuffersWithDamageEXT'.
JavaScript error: resource://gre/modules/XULStore.jsm, line 66: Error: Can't find profile directory.
console.error: SearchCache: "_readCacheFile: Error reading cache file:" (new Error("", "(unknown module)"))
1603189276246	Marionette	INFO	Listening on port 50955
Oct 20, 2020 3:51:16 PM org.openqa.selenium.remote.ProtocolHandshake createSession
INFO: Detected dialect: W3C
]]></system-err>
  </testcase>
</testsuite>